<?xml version="1.0" encoding="UTF-8"?>
<!-- Generated by org.testng.reporters.JUnitXMLReporter -->
<testsuite ignored="0" hostname="DESKTOP-G57CLC5" failures="0" tests="4" name="Default test" time="34.831" errors="0" timestamp="2025-07-11T18:19:55 AST">
  <testcase classname="AutomationTestStore.MyTestCasses" name="FirstTist" time="8.868"/>
  <testcase classname="AutomationTestStore.MyTestCasses" name="logOut" time="5.078"/>
  <testcase classname="AutomationTestStore.MyTestCasses" name="logIn" time="1.19"/>
  <testcase classname="AutomationTestStore.MyTestCasses" name="cart" time="16.762"/>
</testsuite> <!-- Default test -->
