<?xml version="1.0" encoding="UTF-8"?>
<!-- Generated by org.testng.reporters.JUnitXMLReporter -->
<testsuite ignored="3" hostname="DESKTOP-G57CLC5" failures="0" tests="20" name="Default test" time="65.076" errors="0" timestamp="2025-07-09T12:27:11 AST">
  <testcase classname="AutomationTestStore.MyTestCasses" name="cart" time="3.083"/>
  <testcase classname="AutomationTestStore.MyTestCasses" name="cart" time="4.065"/>
  <testcase classname="AutomationTestStore.MyTestCasses" name="cart" time="4.447"/>
  <testcase classname="AutomationTestStore.MyTestCasses" name="cart" time="3.029"/>
  <testcase classname="AutomationTestStore.MyTestCasses" name="cart" time="2.689"/>
  <testcase classname="AutomationTestStore.MyTestCasses" name="cart" time="2.107"/>
  <testcase classname="AutomationTestStore.MyTestCasses" name="cart" time="2.283"/>
  <testcase classname="AutomationTestStore.MyTestCasses" name="cart" time="2.5"/>
  <testcase classname="AutomationTestStore.MyTestCasses" name="cart" time="3.317"/>
  <testcase classname="AutomationTestStore.MyTestCasses" name="cart" time="3.136"/>
  <testcase classname="AutomationTestStore.MyTestCasses" name="cart" time="2.257"/>
  <testcase classname="AutomationTestStore.MyTestCasses" name="cart" time="2.295"/>
  <testcase classname="AutomationTestStore.MyTestCasses" name="cart" time="2.302"/>
  <testcase classname="AutomationTestStore.MyTestCasses" name="cart" time="3.93"/>
  <testcase classname="AutomationTestStore.MyTestCasses" name="cart" time="3.102"/>
  <testcase classname="AutomationTestStore.MyTestCasses" name="cart" time="5.577"/>
  <testcase classname="AutomationTestStore.MyTestCasses" name="cart" time="2.331"/>
  <testcase classname="AutomationTestStore.MyTestCasses" name="cart" time="3.482"/>
  <testcase classname="AutomationTestStore.MyTestCasses" name="cart" time="2.722"/>
  <testcase classname="AutomationTestStore.MyTestCasses" name="cart" time="3.468"/>
  <testcase classname="AutomationTestStore.MyTestCasses" name="logOut" time="0.0">
    <ignored/>
  </testcase> <!-- logOut -->
  <testcase classname="AutomationTestStore.MyTestCasses" name="FirstTist" time="0.0">
    <ignored/>
  </testcase> <!-- FirstTist -->
  <testcase classname="AutomationTestStore.MyTestCasses" name="logIn" time="0.0">
    <ignored/>
  </testcase> <!-- logIn -->
</testsuite> <!-- Default test -->
