<?xml version="1.0" encoding="UTF-8"?>
<testng-results ignored="0" total="1" passed="1" failed="0" skipped="0">
  <reporter-output>
  </reporter-output>
  <suite started-at="2025-07-05T14:30:55 AST" name="Default suite" finished-at="2025-07-05T14:30:59 AST" duration-ms="4339">
    <groups>
    </groups>
    <test started-at="2025-07-05T14:30:55 AST" name="Default test" finished-at="2025-07-05T14:30:59 AST" duration-ms="4339">
      <class name="AutomationTestStore.MyTestCasses">
        <test-method is-config="true" signature="MySetup()[pri:0, instance:AutomationTestStore.MyTestCasses@50ecde95]" started-at="2025-07-05T14:30:55 AST" name="MySetup" finished-at="2025-07-05T14:30:57 AST" duration-ms="2388" status="PASS">
          <reporter-output>
          </reporter-output>
        </test-method> <!-- MySetup -->
        <test-method signature="FirstTist()[pri:1, instance:AutomationTestStore.MyTestCasses@50ecde95]" started-at="2025-07-05T14:30:57 AST" name="FirstTist" finished-at="2025-07-05T14:30:59 AST" duration-ms="1898" status="PASS">
          <reporter-output>
          </reporter-output>
        </test-method> <!-- FirstTist -->
      </class> <!-- AutomationTestStore.MyTestCasses -->
    </test> <!-- Default test -->
  </suite> <!-- Default suite -->
</testng-results>
