<?xml version="1.0" encoding="UTF-8"?>
<testng-results ignored="0" total="4" passed="4" failed="0" skipped="0">
  <reporter-output>
  </reporter-output>
  <suite started-at="2025-07-11T18:19:20 AST" name="Default suite" finished-at="2025-07-11T18:19:55 AST" duration-ms="34831">
    <groups>
    </groups>
    <test started-at="2025-07-11T18:19:20 AST" name="Default test" finished-at="2025-07-11T18:19:55 AST" duration-ms="34831">
      <class name="AutomationTestStore.MyTestCasses">
        <test-method is-config="true" signature="MySetup()[pri:0, instance:AutomationTestStore.MyTestCasses@732f29af]" started-at="2025-07-11T18:19:20 AST" name="MySetup" finished-at="2025-07-11T18:19:23 AST" duration-ms="2881" status="PASS">
          <reporter-output>
          </reporter-output>
        </test-method> <!-- MySetup -->
        <test-method signature="FirstTist()[pri:1, instance:AutomationTestStore.MyTestCasses@732f29af]" started-at="2025-07-11T18:19:23 AST" name="FirstTist" finished-at="2025-07-11T18:19:32 AST" duration-ms="8868" status="PASS">
          <reporter-output>
          </reporter-output>
        </test-method> <!-- FirstTist -->
        <test-method signature="logOut()[pri:2, instance:AutomationTestStore.MyTestCasses@732f29af]" started-at="2025-07-11T18:19:32 AST" name="logOut" finished-at="2025-07-11T18:19:37 AST" duration-ms="5078" status="PASS">
          <reporter-output>
          </reporter-output>
        </test-method> <!-- logOut -->
        <test-method signature="logIn()[pri:3, instance:AutomationTestStore.MyTestCasses@732f29af]" started-at="2025-07-11T18:19:37 AST" name="logIn" finished-at="2025-07-11T18:19:38 AST" duration-ms="1190" status="PASS">
          <reporter-output>
          </reporter-output>
        </test-method> <!-- logIn -->
        <test-method signature="cart()[pri:4, instance:AutomationTestStore.MyTestCasses@732f29af]" started-at="2025-07-11T18:19:38 AST" name="cart" finished-at="2025-07-11T18:19:55 AST" duration-ms="16762" status="PASS">
          <reporter-output>
          </reporter-output>
        </test-method> <!-- cart -->
      </class> <!-- AutomationTestStore.MyTestCasses -->
    </test> <!-- Default test -->
  </suite> <!-- Default suite -->
</testng-results>
